<?xml version="1.0" encoding="UTF-8" ?>
<testsuite tests="1" failures="0" name="sy.test.TestMybatis" time="1.075" errors="0" skipped="0">
  <properties>
    <property name="java.runtime.name" value="Java(TM) SE Runtime Environment"/>
    <property name="sun.boot.library.path" value="D:\Program Files\Java\jdk1.8.0_05\jre\bin"/>
    <property name="java.vm.version" value="25.5-b02"/>
    <property name="java.vm.vendor" value="Oracle Corporation"/>
    <property name="java.vendor.url" value="http://java.oracle.com/"/>
    <property name="path.separator" value=";"/>
    <property name="guice.disable.misplaced.annotation.check" value="true"/>
    <property name="java.vm.name" value="Java HotSpot(TM) 64-Bit Server VM"/>
    <property name="file.encoding.pkg" value="sun.io"/>
    <property name="user.script" value=""/>
    <property name="user.country" value="CN"/>
    <property name="sun.java.launcher" value="SUN_STANDARD"/>
    <property name="sun.os.patch.level" value="Service Pack 1"/>
    <property name="java.vm.specification.name" value="Java Virtual Machine Specification"/>
    <property name="user.dir" value="E:\springmvc\mybatistest"/>
    <property name="java.runtime.version" value="1.8.0_05-b13"/>
    <property name="java.awt.graphicsenv" value="sun.awt.Win32GraphicsEnvironment"/>
    <property name="java.endorsed.dirs" value="D:\Program Files\Java\jdk1.8.0_05\jre\lib\endorsed"/>
    <property name="os.arch" value="amd64"/>
    <property name="java.io.tmpdir" value="C:\Users\hxey\AppData\Local\Temp\"/>
    <property name="line.separator" value="
"/>
    <property name="java.vm.specification.vendor" value="Oracle Corporation"/>
    <property name="user.variant" value=""/>
    <property name="os.name" value="Windows 7"/>
    <property name="classworlds.conf" value="E:\springmvc\.metadata\.plugins\org.eclipse.m2e.launching\launches\m2conf3406679661923325451.tmp"/>
    <property name="sun.jnu.encoding" value="GBK"/>
    <property name="java.library.path" value="D:\Program Files\Java\jdk1.8.0_05\bin;C:\Windows\Sun\Java\bin;C:\Windows\system32;C:\Windows;D:/Program Files/Java/jdk1.8.0_05/bin/../jre/bin/server;D:/Program Files/Java/jdk1.8.0_05/bin/../jre/bin;D:/Program Files/Java/jdk1.8.0_05/bin/../jre/lib/amd64;D:\Python27\;D:\Python27\Scripts;;D:\Program Files (x86)\CodeSmith\v6.5\;C:\Program Files (x86)\Windows Kits\8.0\Windows Performance Toolkit\;D:\Program Files\TortoiseSVN\bin;D:\Program Files\Java\jdk1.8.0_05\bin;E:\software\apache-ant-1.9.5\bin;E:\software\adt-bundle-windows-x86_64-20140702\sdk\tools;C:\Users\hxey\AppData\Local\Pandoc\;D:\nodejs;C:\Windows\system32;C:\Windows;C:\Windows\system32\WBEM;D:\Python27;D:\Users\hxey\AppData\Local\Android\sdk\tools:D:\Program Files\Android\Android Studio\gradle\gradle-2.2.1\bin;D:\Users\hxey\AppData\Local\Android\sdk\platform-tools;E:\software\adt-bundle-windows-x86_64-20140702\sdk\tools;D:\Program Files\Android\Android Studio\gradle\gradle-2.2.1\bin;E:\software\apache-maven-3.3.3\bin;E:\springmvc\spring-1.2.4.RELEASE/bin;E:\code\sts-bundle\sts-3.6.4.RELEASE;;."/>
    <property name="java.specification.name" value="Java Platform API Specification"/>
    <property name="java.class.version" value="52.0"/>
    <property name="sun.management.compiler" value="HotSpot 64-Bit Tiered Compilers"/>
    <property name="os.version" value="6.1"/>
    <property name="user.home" value="C:\Users\hxey"/>
    <property name="user.timezone" value="Asia/Shanghai"/>
    <property name="java.awt.printerjob" value="sun.awt.windows.WPrinterJob"/>
    <property name="java.specification.version" value="1.8"/>
    <property name="file.encoding" value="GBK"/>
    <property name="user.name" value="hxey"/>
    <property name="java.class.path" value="/E:/code/sts-bundle/sts-3.6.4.RELEASE/plugins/org.eclipse.m2e.maven.runtime_1.5.1.20150109-1819/jars/plexus-classworlds-2.5.1.jar"/>
    <property name="org.slf4j.simpleLogger.defaultLogLevel" value="info"/>
    <property name="java.vm.specification.version" value="1.8"/>
    <property name="sun.arch.data.model" value="64"/>
    <property name="java.home" value="D:\Program Files\Java\jdk1.8.0_05\jre"/>
    <property name="sun.java.command" value="org.codehaus.plexus.classworlds.launcher.Launcher -B install"/>
    <property name="java.specification.vendor" value="Oracle Corporation"/>
    <property name="user.language" value="zh"/>
    <property name="awt.toolkit" value="sun.awt.windows.WToolkit"/>
    <property name="java.vm.info" value="mixed mode"/>
    <property name="java.version" value="1.8.0_05"/>
    <property name="java.ext.dirs" value="D:\Program Files\Java\jdk1.8.0_05\jre\lib\ext;C:\Windows\Sun\Java\lib\ext"/>
    <property name="sun.boot.class.path" value="D:\Program Files\Java\jdk1.8.0_05\jre\lib\resources.jar;D:\Program Files\Java\jdk1.8.0_05\jre\lib\rt.jar;D:\Program Files\Java\jdk1.8.0_05\jre\lib\sunrsasign.jar;D:\Program Files\Java\jdk1.8.0_05\jre\lib\jsse.jar;D:\Program Files\Java\jdk1.8.0_05\jre\lib\jce.jar;D:\Program Files\Java\jdk1.8.0_05\jre\lib\charsets.jar;D:\Program Files\Java\jdk1.8.0_05\jre\lib\jfr.jar;D:\Program Files\Java\jdk1.8.0_05\jre\classes"/>
    <property name="java.vendor" value="Oracle Corporation"/>
    <property name="maven.home" value="E:\springmvc\mybatistest\EMBEDDED"/>
    <property name="file.separator" value="\"/>
    <property name="java.vendor.url.bug" value="http://bugreport.sun.com/bugreport/"/>
    <property name="sun.cpu.endian" value="little"/>
    <property name="sun.io.unicode.encoding" value="UnicodeLittle"/>
    <property name="sun.desktop" value="windows"/>
    <property name="sun.cpu.isalist" value="amd64"/>
  </properties>
  <testcase classname="sy.test.TestMybatis" name="test1" time="1.075"/>
</testsuite>